<?xml version="1.0" encoding="UTF-8"?>
<!-- Generated by org.testng.reporters.JUnitXMLReporter -->
<testsuite hostname="Home" ignored="0" name="Command line test" tests="4" failures="0" timestamp="02 Jul 2018 15:49:03 GMT" time="71.469" errors="0">
  <testcase name="testing" time="0.002" classname="com.crm.qa.testcases.HomePageTest"/>
  <testcase name="loginPageLogoTest" time="0.055" classname="com.crm.qa.testcases.LoginTest"/>
  <testcase name="loginPageTitleTest" time="0.008" classname="com.crm.qa.testcases.LoginTest"/>
  <testcase name="LoginAppTest" time="10.711" classname="com.crm.qa.testcases.LoginTest"/>
</testsuite> <!-- Command line test -->
