<?xml version="1.0" encoding="UTF-8"?>
<!-- Generated by org.testng.reporters.JUnitXMLReporter -->
<testsuite hostname="Home" ignored="0" name="Test" tests="4" failures="0" timestamp="05 Jul 2018 08:36:20 GMT" time="88.267" errors="0">
  <testcase name="testing" time="0.006" classname="com.crm.qa.testcases.HomePageTest"/>
  <testcase name="loginPageLogoTest" time="0.054" classname="com.crm.qa.testcases.LoginTest"/>
  <testcase name="loginPageTitleTest" time="0.011" classname="com.crm.qa.testcases.LoginTest"/>
  <testcase name="LoginAppTest" time="16.204" classname="com.crm.qa.testcases.LoginTest"/>
</testsuite> <!-- Test -->
