<?xml version="1.0" encoding="UTF-8" ?>
<testsuite tests="4" failures="0" name="TestSuite" time="10.784" errors="0" skipped="0">
  <properties>
[...]
</properties>
  <testcase classname="com.crm.qa.testcases.HomePageTest" name="testing" time="0.005"/>
  <testcase classname="com.crm.qa.testcases.LoginTest" name="loginPageLogoTest" time="0.056"/>
  <testcase classname="com.crm.qa.testcases.LoginTest" name="loginPageTitleTest" time="0.008"/>
  <testcase classname="com.crm.qa.testcases.LoginTest" name="LoginAppTest" time="10.715"/>
</testsuite>