<?xml version="1.0" encoding="UTF-8"?>
<testng-results skipped="0" failed="0" ignored="0" total="1" passed="1">
  <reporter-output>
  </reporter-output>
  <suite name="Default suite" duration-ms="21980" started-at="2018-07-02T07:23:12Z" finished-at="2018-07-02T07:23:34Z">
    <groups>
    </groups>
    <test name="Default test" duration-ms="21980" started-at="2018-07-02T07:23:12Z" finished-at="2018-07-02T07:23:34Z">
      <class name="com.crm.qa.testcases.HomePageTest">
        <test-method status="PASS" signature="setup()[pri:0, instance:com.crm.qa.testcases.HomePageTest@1e88b3c]" name="setup" is-config="true" duration-ms="21946" started-at="2018-07-02T07:23:12Z" finished-at="2018-07-02T07:23:34Z">
          <reporter-output>
          </reporter-output>
        </test-method> <!-- setup -->
        <test-method status="PASS" signature="testing()[pri:0, instance:com.crm.qa.testcases.HomePageTest@1e88b3c]" name="testing" duration-ms="6" started-at="2018-07-02T07:23:34Z" finished-at="2018-07-02T07:23:34Z">
          <reporter-output>
          </reporter-output>
        </test-method> <!-- testing -->
        <test-method status="PASS" signature="breakdown()[pri:0, instance:com.crm.qa.testcases.HomePageTest@1e88b3c]" name="breakdown" is-config="true" duration-ms="1" started-at="2018-07-02T07:23:34Z" finished-at="2018-07-02T07:23:34Z">
          <reporter-output>
          </reporter-output>
        </test-method> <!-- breakdown -->
      </class> <!-- com.crm.qa.testcases.HomePageTest -->
    </test> <!-- Default test -->
  </suite> <!-- Default suite -->
</testng-results>
